%!Adobe-FontList 1.18
%Locale:0x409

%BeginFont
Handler:DirectoryHandler
FontType:Type1
FontName:Graphik-Medium
FamilyName:Graphik
StyleName:Medium
MenuName:Graphik Medium
StyleBits:0
WeightClass:500
WidthClass:5
AngleClass:0
FullName:Graphik Medium
WritingScript:Roman
OutlineFileName:\Graphik-Medium.otf
DataFormat:sfntData
UsesStandardEncoding:yes
isCFF:yes
hasSVG:no
FileLength:132372
FileModTime:1334922920
NameArray:0,Mac,4,Graphik Medium
NameArray:0,Win,1,Graphik Medium
NameArray:0,Win,16,Graphik
%EndFont

%BeginFont
Handler:DirectoryHandler
FontType:Type1
FontName:MinionPro-Regular
FamilyName:Minion Pro
StyleName:Regular
MenuName:Minion Pro
StyleBits:0
WeightClass:400
WidthClass:5
AngleClass:0
FullName:Minion Pro
WritingScript:Roman
OutlineFileName:\MinionPro-Regular.otf
DataFormat:sfntData
UsesStandardEncoding:yes
isCFF:yes
hasSVG:no
FileLength:218640
FileModTime:1478162056
DesignSize:110
NameArray:0,Mac,4,Minion Pro
NameArray:0,Win,1,Minion Pro
%EndFont

%BeginFont
Handler:DirectoryHandler
FontType:Type1
FontName:Pharma-Bold
FamilyName:Pharma
StyleName:Bold
MenuName:Pharma
StyleBits:2
WeightClass:700
WidthClass:5
AngleClass:0
FullName:Pharma Bold
WritingScript:Roman
OutlineFileName:\Pharma-Bold.otf
DataFormat:sfntData
UsesStandardEncoding:yes
isCFF:yes
hasSVG:no
FileLength:36684
FileModTime:1325088272
NameArray:0,Mac,4,Pharma Bold
NameArray:0,Win,1,Pharma
%EndFont

%BeginFont
Handler:DirectoryHandler
FontType:Type1
FontName:Pharma-Regular
FamilyName:Pharma
StyleName:Regular
MenuName:Pharma
StyleBits:0
WeightClass:400
WidthClass:5
AngleClass:0
FullName:Pharma Regular
WritingScript:Roman
OutlineFileName:\Pharma-Regular.otf
DataFormat:sfntData
UsesStandardEncoding:yes
isCFF:yes
hasSVG:no
FileLength:34324
FileModTime:1325088214
NameArray:0,Mac,4,Pharma Regular
NameArray:0,Win,1,Pharma
%EndFont

